<?xml version="1.0" encoding="UTF-8"?>
<!-- Generated by org.testng.reporters.JUnitReportReporter -->
<testsuite hostname="dev5-Latitude-3480" failures="0" tests="1" name="calculatornet.Multiplication_2" time="2.850" errors="0" timestamp="2021-11-19T11:49:19 IST" skipped="0">
  <testcase classname="calculatornet.Multiplication_2" name="f" time="2.850"/>
  <system-out/>
</testsuite> <!-- calculatornet.Multiplication_2 -->
